<?xml version="1.0" encoding="UTF-8"?>
<!-- Generated by org.testng.reporters.JUnitReportReporter -->
<testsuite hostname="DESKTOP-MA03575" failures="0" tests="5" name="TestNGDataProvider.TestNGwithExcel" time="0.056" errors="0" timestamp="2024-03-19T09:50:42 IST" skipped="0">
  <testcase classname="TestNGDataProvider.TestNGwithExcel" name="testcase" time="0.006"/>
  <system-out/>
  <testcase classname="TestNGDataProvider.TestNGwithExcel" name="testcase" time="0.009"/>
  <system-out/>
  <testcase classname="TestNGDataProvider.TestNGwithExcel" name="testcase" time="0.007"/>
  <system-out/>
  <testcase classname="TestNGDataProvider.TestNGwithExcel" name="testcase" time="0.024"/>
  <system-out/>
  <testcase classname="TestNGDataProvider.TestNGwithExcel" name="testcase" time="0.010"/>
  <system-out/>
</testsuite> <!-- TestNGDataProvider.TestNGwithExcel -->
