<?xml version="1.0" encoding="UTF-8"?>
<!-- Generated by org.testng.reporters.JUnitReportReporter -->
<testsuite hostname="DESKTOP-MA03575" failures="0" tests="3" name="TestNGDataProvider.TestNGDriver" time="0.063" errors="0" timestamp="2024-03-19T07:49:10 IST" skipped="0">
  <testcase classname="TestNGDataProvider.TestNGDriver" name="testCaseData" time="0.057"/>
  <system-out/>
  <testcase classname="TestNGDataProvider.TestNGDriver" name="testCaseData" time="0.003"/>
  <system-out/>
  <testcase classname="TestNGDataProvider.TestNGDriver" name="testCaseData" time="0.003"/>
  <system-out/>
</testsuite> <!-- TestNGDataProvider.TestNGDriver -->
